<?xml version="1.0" encoding="UTF-8"?>
<testng-results ignored="0" total="1" passed="1" failed="0" skipped="0">
  <reporter-output>
  </reporter-output>
  <suite started-at="2024-04-24T11:07:22 IST" name="Default suite" finished-at="2024-04-24T11:07:25 IST" duration-ms="3043">
    <groups>
    </groups>
    <test started-at="2024-04-24T11:07:22 IST" name="Default test" finished-at="2024-04-24T11:07:25 IST" duration-ms="3043">
      <class name="Sample_Assured.Sample_Assured.GET_request">
        <test-method signature="ValidateGETrequest()[pri:0, instance:Sample_Assured.Sample_Assured.GET_request@10959ece]" started-at="2024-04-24T11:07:22 IST" name="ValidateGETrequest" finished-at="2024-04-24T11:07:25 IST" duration-ms="2963" status="PASS">
          <reporter-output>
          </reporter-output>
        </test-method> <!-- ValidateGETrequest -->
      </class> <!-- Sample_Assured.Sample_Assured.GET_request -->
    </test> <!-- Default test -->
  </suite> <!-- Default suite -->
</testng-results>
